<?xml version="1.0" encoding="UTF-8"?>
<!-- Generated by org.testng.reporters.JUnitReportReporter -->
<testsuite hostname="DESKTOP-6R86IG7" failures="0" tests="1" name="com.orangeHRM.runner.loginscript" time="16.676" errors="0" timestamp="2024-01-05T13:49:44 IST" skipped="0">
  <testcase classname="com.orangeHRM.runner.loginscript" name="login" time="16.676"/>
</testsuite> <!-- com.orangeHRM.runner.loginscript -->
